<?xml version="1.0" encoding="UTF-8"?>
<!-- Generated by org.testng.reporters.JUnitReportReporter -->
<testsuite hostname="DESKTOP-1E9PTFA" failures="0" tests="1" name="com.internship.idlocater.FindElementId" time="8.950" errors="0" timestamp="2025-05-29T10:32:39 IST" skipped="0">
  <testcase classname="com.internship.idlocater.FindElementId" name="setup" time="8.950"/>
  <system-out/>
</testsuite> <!-- com.internship.idlocater.FindElementId -->
